                      +-----------------------------+
                      |                       ___   |
                      |   BOLT-LMM, v2.3.2   /_ /   |
                      |   March 10, 2018      /_/   |
                      |   Po-Ru Loh            //   |
                      |                        /    |
                      +-----------------------------+

Copyright (C) 2014-2018 Harvard University.
Distributed under the GNU GPLv3 open source license.

Compiled with USE_SSE: fast aligned memory access
Compiled with USE_MKL: Intel Math Kernel Library linear algebra
Boost version: 1_58

Command line options:

./bolt \
    --lmm \
    --fam=/n/groups/patel/Alan/Aging/Medical_Images/data/GWAS.fam \
    --remove=/n/groups/patel/Alan/Aging/Medical_Images/data/bolt.in_plink_but_not_imputed.FID_IID.X.txt \
    --remove=/n/groups/patel/Alan/Aging/Medical_Images/data4/GWAS_remove_Age_Liver.tab \
    --phenoFile=/n/groups/patel/Alan/Aging/Medical_Images/data4/GWAS_data_Age_Liver.tab \
    --phenoCol=Liver \
    --covarFile=/n/groups/patel/Alan/Aging/Medical_Images/data4/GWAS_data_Age_Liver.tab \
    --covarCol=Assessment_center \
    --covarCol=Sex \
    --covarCol=Ethnicity \
    --covarMaxLevels=30 \
    --qCovarCol=Age \
    --qCovarCol=PC{1:20} \
    --LDscoresFile=/n/groups/patel/bin/BOLT-LMM_v2.3.2/tables/LDSCORE.1000G_EUR.tab.gz \
    --geneticMapFile=/n/groups/patel/bin/BOLT-LMM_v2.3.2/tables/genetic_map_hg19_withX.txt.gz \
    --numThreads=10 \
    --statsFile=/n/groups/patel/Alan/Aging/Medical_Images/data4/GWAS_Age_Liver_X.stats.gz \
    --verboseStats \
    --bed=/n/groups/patel/uk_biobank/project_52887_genetics/ukb_cal_chrX_v2.bed \
    --bim=/n/groups/patel/uk_biobank/project_52887_genetics/ukb_snp_chrX_v2.bim \
    --numLeaveOutChunks 2 \
    --LDscoresMatchBp \
    --bed=/n/groups/patel/uk_biobank/project_52887_genetics/ukb_cal_chr1_v2.bed \
    --bim=/n/groups/patel/uk_biobank/project_52887_genetics/ukb_snp_chr1_v2.bim \
    --bgenSampleFileList=/n/groups/patel/uk_biobank/project_52887_genetics/bgenSampleFileList.txt \
    --bgenMinMAF=1e-3 \
    --bgenMinINFO=0.3 \
    --noBgenIDcheck \
    --statsFileBgenSnps=/n/groups/patel/Alan/Aging/Medical_Images/data4/GWAS_Age_Liver_X.bgen.stats.gz 

Verifying contents of --bgenSampleFileList: /n/groups/patel/uk_biobank/project_52887_genetics/bgenSampleFileList.txt
Checking BGEN file /n/groups/patel/uk_biobank/project_52887_genetics/ukb_imp_chr1_v3.bgen
(with SAMPLE file /n/groups/patel/uk_biobank/project_52887_genetics/ukb52887_imp_chr1_v3_s487296.sample)...
snpBlocks (Mbgen): 7402791
samples (Nbgen): 487409
CompressedSNPBlocks: 1
Layout: 2
first snpID: 1:10177_A_AC
first rsID: rs367896724

Checking BGEN file /n/groups/patel/uk_biobank/project_52887_genetics/ukb_imp_chr2_v3.bgen
(with SAMPLE file /n/groups/patel/uk_biobank/project_52887_genetics/ukb52887_imp_chr2_v3_s487296.sample)...
snpBlocks (Mbgen): 8129063
samples (Nbgen): 487409
CompressedSNPBlocks: 1
Layout: 2
first snpID: 2:10179_TA_T
first rsID: 2:10179_TA_T

Checking BGEN file /n/groups/patel/uk_biobank/project_52887_genetics/ukb_imp_chr3_v3.bgen
(with SAMPLE file /n/groups/patel/uk_biobank/project_52887_genetics/ukb52887_imp_chr3_v3_s487296.sample)...
snpBlocks (Mbgen): 6696680
samples (Nbgen): 487409
CompressedSNPBlocks: 1
Layout: 2
first snpID: 3:60069_C_T
first rsID: rs549251461

Checking BGEN file /n/groups/patel/uk_biobank/project_52887_genetics/ukb_imp_chr4_v3.bgen
(with SAMPLE file /n/groups/patel/uk_biobank/project_52887_genetics/ukb52887_imp_chr4_v3_s487296.sample)...
snpBlocks (Mbgen): 6555871
samples (Nbgen): 487409
CompressedSNPBlocks: 1
Layout: 2
first snpID: 4:10005_T_TA
first rsID: rs531254437

Checking BGEN file /n/groups/patel/uk_biobank/project_52887_genetics/ukb_imp_chr5_v3.bgen
(with SAMPLE file /n/groups/patel/uk_biobank/project_52887_genetics/ukb52887_imp_chr5_v3_s487296.sample)...
snpBlocks (Mbgen): 6070641
samples (Nbgen): 487409
CompressedSNPBlocks: 1
Layout: 2
first snpID: 5:10043_T_A
first rsID: rs546183826

Checking BGEN file /n/groups/patel/uk_biobank/project_52887_genetics/ukb_imp_chr6_v3.bgen
(with SAMPLE file /n/groups/patel/uk_biobank/project_52887_genetics/ukb52887_imp_chr6_v3_s487296.sample)...
snpBlocks (Mbgen): 5751712
samples (Nbgen): 487409
CompressedSNPBlocks: 1
Layout: 2
first snpID: 6:63854_T_G
first rsID: rs544586840

Checking BGEN file /n/groups/patel/uk_biobank/project_52887_genetics/ukb_imp_chr7_v3.bgen
(with SAMPLE file /n/groups/patel/uk_biobank/project_52887_genetics/ukb52887_imp_chr7_v3_s487296.sample)...
snpBlocks (Mbgen): 5405524
samples (Nbgen): 487409
CompressedSNPBlocks: 1
Layout: 2
first snpID: 7:14808_T_C
first rsID: rs555283805

Checking BGEN file /n/groups/patel/uk_biobank/project_52887_genetics/ukb_imp_chr8_v3.bgen
(with SAMPLE file /n/groups/patel/uk_biobank/project_52887_genetics/ukb52887_imp_chr8_v3_s487296.sample)...
snpBlocks (Mbgen): 5282223
samples (Nbgen): 487409
CompressedSNPBlocks: 1
Layout: 2
first snpID: 8:11740_G_A
first rsID: rs531589080

Checking BGEN file /n/groups/patel/uk_biobank/project_52887_genetics/ukb_imp_chr9_v3.bgen
(with SAMPLE file /n/groups/patel/uk_biobank/project_52887_genetics/ukb52887_imp_chr9_v3_s487296.sample)...
snpBlocks (Mbgen): 4066774
samples (Nbgen): 487409
CompressedSNPBlocks: 1
Layout: 2
first snpID: 9:10163_CT_C
first rsID: 9:10163_CT_C

Checking BGEN file /n/groups/patel/uk_biobank/project_52887_genetics/ukb_imp_chr10_v3.bgen
(with SAMPLE file /n/groups/patel/uk_biobank/project_52887_genetics/ukb52887_imp_chr10_v3_s487296.sample)...
snpBlocks (Mbgen): 4562904
samples (Nbgen): 487409
CompressedSNPBlocks: 1
Layout: 2
first snpID: 10:60494_A_G
first rsID: rs568182971

Checking BGEN file /n/groups/patel/uk_biobank/project_52887_genetics/ukb_imp_chr11_v3.bgen
(with SAMPLE file /n/groups/patel/uk_biobank/project_52887_genetics/ukb52887_imp_chr11_v3_s487296.sample)...
snpBlocks (Mbgen): 4628348
samples (Nbgen): 487409
CompressedSNPBlocks: 1
Layout: 2
first snpID: 11:61395_CTT_C
first rsID: 11:61395_CTT_C

Checking BGEN file /n/groups/patel/uk_biobank/project_52887_genetics/ukb_imp_chr12_v3.bgen
(with SAMPLE file /n/groups/patel/uk_biobank/project_52887_genetics/ukb52887_imp_chr12_v3_s487296.sample)...
snpBlocks (Mbgen): 4431052
samples (Nbgen): 487409
CompressedSNPBlocks: 1
Layout: 2
first snpID: 12:60181_G_C
first rsID: rs374249515

Checking BGEN file /n/groups/patel/uk_biobank/project_52887_genetics/ukb_imp_chr13_v3.bgen
(with SAMPLE file /n/groups/patel/uk_biobank/project_52887_genetics/ukb52887_imp_chr13_v3_s487296.sample)...
snpBlocks (Mbgen): 3270217
samples (Nbgen): 487409
CompressedSNPBlocks: 1
Layout: 2
first snpID: 13:19020047_A_T
first rsID: rs186129910

Checking BGEN file /n/groups/patel/uk_biobank/project_52887_genetics/ukb_imp_chr14_v3.bgen
(with SAMPLE file /n/groups/patel/uk_biobank/project_52887_genetics/ukb52887_imp_chr14_v3_s487296.sample)...
snpBlocks (Mbgen): 3037521
samples (Nbgen): 487409
CompressedSNPBlocks: 1
Layout: 2
first snpID: 14:19000017_C_T
first rsID: rs375700886

Checking BGEN file /n/groups/patel/uk_biobank/project_52887_genetics/ukb_imp_chr15_v3.bgen
(with SAMPLE file /n/groups/patel/uk_biobank/project_52887_genetics/ukb52887_imp_chr15_v3_s487296.sample)...
snpBlocks (Mbgen): 2767971
samples (Nbgen): 487409
CompressedSNPBlocks: 1
Layout: 2
first snpID: 15:20000041_T_A
first rsID: rs371549847

Checking BGEN file /n/groups/patel/uk_biobank/project_52887_genetics/ukb_imp_chr16_v3.bgen
(with SAMPLE file /n/groups/patel/uk_biobank/project_52887_genetics/ukb52887_imp_chr16_v3_s487296.sample)...
snpBlocks (Mbgen): 3089612
samples (Nbgen): 487409
CompressedSNPBlocks: 1
Layout: 2
first snpID: 16:60086_G_C
first rsID: rs537499872

Checking BGEN file /n/groups/patel/uk_biobank/project_52887_genetics/ukb_imp_chr17_v3.bgen
(with SAMPLE file /n/groups/patel/uk_biobank/project_52887_genetics/ukb52887_imp_chr17_v3_s487296.sample)...
snpBlocks (Mbgen): 2660711
samples (Nbgen): 487409
CompressedSNPBlocks: 1
Layout: 2
first snpID: 17:52_C_A
first rsID: rs556541063

Checking BGEN file /n/groups/patel/uk_biobank/project_52887_genetics/ukb_imp_chr18_v3.bgen
(with SAMPLE file /n/groups/patel/uk_biobank/project_52887_genetics/ukb52887_imp_chr18_v3_s487296.sample)...
snpBlocks (Mbgen): 2599579
samples (Nbgen): 487409
CompressedSNPBlocks: 1
Layout: 2
first snpID: 18:10636_A_C
first rsID: 18:10636_A_C

Checking BGEN file /n/groups/patel/uk_biobank/project_52887_genetics/ukb_imp_chr19_v3.bgen
(with SAMPLE file /n/groups/patel/uk_biobank/project_52887_genetics/ukb52887_imp_chr19_v3_s487296.sample)...
snpBlocks (Mbgen): 2087017
samples (Nbgen): 487409
CompressedSNPBlocks: 1
Layout: 2
first snpID: 19:60842_A_G
first rsID: rs541392352

Checking BGEN file /n/groups/patel/uk_biobank/project_52887_genetics/ukb_imp_chr20_v3.bgen
(with SAMPLE file /n/groups/patel/uk_biobank/project_52887_genetics/ukb52887_imp_chr20_v3_s487296.sample)...
snpBlocks (Mbgen): 2082571
samples (Nbgen): 487409
CompressedSNPBlocks: 1
Layout: 2
first snpID: 20:60309_G_T
first rsID: rs574852966

Checking BGEN file /n/groups/patel/uk_biobank/project_52887_genetics/ukb_imp_chr21_v3.bgen
(with SAMPLE file /n/groups/patel/uk_biobank/project_52887_genetics/ukb52887_imp_chr21_v3_s487296.sample)...
snpBlocks (Mbgen): 1261158
samples (Nbgen): 487409
CompressedSNPBlocks: 1
Layout: 2
first snpID: 21:9411239_G_A
first rsID: rs559462325

Checking BGEN file /n/groups/patel/uk_biobank/project_52887_genetics/ukb_imp_chr22_v3.bgen
(with SAMPLE file /n/groups/patel/uk_biobank/project_52887_genetics/ukb52887_imp_chr22_v3_s487296.sample)...
snpBlocks (Mbgen): 1255683
samples (Nbgen): 487409
CompressedSNPBlocks: 1
Layout: 2
first snpID: 22:16050075_A_G
first rsID: rs587697622

Checking BGEN file /n/groups/patel/uk_biobank/project_52887_genetics/ukb_imp_chrX_v3.bgen
(with SAMPLE file /n/groups/patel/uk_biobank/project_52887_genetics/ukb52887_imp_chrX_v3_s486645.sample)...
snpBlocks (Mbgen): 3917799
samples (Nbgen): 486757
CompressedSNPBlocks: 1
Layout: 2
first snpID: X:2699528_T_C
first rsID: rs750499943

Setting number of threads to 10
fam: /n/groups/patel/Alan/Aging/Medical_Images/data/GWAS.fam
bim(s): /n/groups/patel/uk_biobank/project_52887_genetics/ukb_snp_chrX_v2.bim
/n/groups/patel/uk_biobank/project_52887_genetics/ukb_snp_chr1_v2.bim
bed(s): /n/groups/patel/uk_biobank/project_52887_genetics/ukb_cal_chrX_v2.bed
/n/groups/patel/uk_biobank/project_52887_genetics/ukb_cal_chr1_v2.bed

=== Reading genotype data ===

Total indivs in PLINK data: Nbed = 488377
Reading remove file (indivs to remove): /n/groups/patel/Alan/Aging/Medical_Images/data/bolt.in_plink_but_not_imputed.FID_IID.X.txt
Removed 1620 individual(s)
Reading remove file (indivs to remove): /n/groups/patel/Alan/Aging/Medical_Images/data4/GWAS_remove_Age_Liver.tab
Removed 482680 individual(s)
Total indivs stored in memory: N = 4077
Reading bim file #1: /n/groups/patel/uk_biobank/project_52887_genetics/ukb_snp_chrX_v2.bim
    Read 18857 snps
Reading bim file #2: /n/groups/patel/uk_biobank/project_52887_genetics/ukb_snp_chr1_v2.bim
    Read 63487 snps
Total snps in PLINK data: Mbed = 82344

Breakdown of SNP pre-filtering results:
  82344 SNPs to include in model (i.e., GRM)
  0 additional non-GRM SNPs loaded
  0 excluded SNPs
Filling in genetic map coordinates using reference file:
  /n/groups/patel/bin/BOLT-LMM_v2.3.2/tables/genetic_map_hg19_withX.txt.gz
Allocating 82344 x 4080/4 bytes to store genotypes
Reading genotypes and performing QC filtering on snps and indivs...
Reading bed file #1: /n/groups/patel/uk_biobank/project_52887_genetics/ukb_cal_chrX_v2.bed
    Expecting 2302345415 (+3) bytes for 488377 indivs, 18857 snps
Filtering snp Affx-92044070: 0.107922 missing
Filtering snp Affx-92044071: 0.101055 missing
Filtering snp Affx-92044073: 0.109885 missing
Filtering snp Affx-92044074: 0.100564 missing
Filtering snp Affx-80266204: 0.127545 missing
Filtered 780 SNPs with > 0.1 missing
Reading bed file #2: /n/groups/patel/uk_biobank/project_52887_genetics/ukb_cal_chr1_v2.bed
    Expecting 7751445265 (+3) bytes for 488377 indivs, 63487 snps
Filtering snp rs28659788: 0.900662 missing
Filtering snp rs116587930: 0.106206 missing
Filtering snp Affx-89007868: 0.900172 missing
Filtering snp Affx-92042573: 0.109885 missing
Filtering snp Affx-89019815: 0.900417 missing
Filtered 3893 SNPs with > 0.1 missing
Total indivs after QC: 4077
Total post-QC SNPs: M = 77671
  Variance component 1: 77671 post-QC SNPs (name: 'modelSnps')
Time for SnpData setup = 102.861 sec

=== Reading phenotype and covariate data ===

Read data for 4083 indivs (ignored 6 without genotypes) from:
  /n/groups/patel/Alan/Aging/Medical_Images/data4/GWAS_data_Age_Liver.tab
Read data for 4083 indivs (ignored 6 without genotypes) from:
  /n/groups/patel/Alan/Aging/Medical_Images/data4/GWAS_data_Age_Liver.tab
Number of indivs with no missing phenotype(s) to use: 4077
    Using categorical covariate: Assessment_center (adding level 10003.0)
    Using categorical covariate: Assessment_center (adding level 11001.0)
    Using categorical covariate: Assessment_center (adding level 11002.0)
    Using categorical covariate: Assessment_center (adding level 11003.0)
    Using categorical covariate: Assessment_center (adding level 11004.0)
    Using categorical covariate: Assessment_center (adding level 11005.0)
    Using categorical covariate: Assessment_center (adding level 11006.0)
    Using categorical covariate: Assessment_center (adding level 11007.0)
    Using categorical covariate: Assessment_center (adding level 11008.0)
    Using categorical covariate: Assessment_center (adding level 11009.0)
    Using categorical covariate: Assessment_center (adding level 11010.0)
    Using categorical covariate: Assessment_center (adding level 11011.0)
    Using categorical covariate: Assessment_center (adding level 11012.0)
    Using categorical covariate: Assessment_center (adding level 11013.0)
    Using categorical covariate: Assessment_center (adding level 11014.0)
    Using categorical covariate: Assessment_center (adding level 11016.0)
    Using categorical covariate: Assessment_center (adding level 11017.0)
    Using categorical covariate: Assessment_center (adding level 11018.0)
    Using categorical covariate: Assessment_center (adding level 11020.0)
    Using categorical covariate: Assessment_center (adding level 11021.0)
    Using categorical covariate: Assessment_center (adding level 11022.0)
    Using categorical covariate: Assessment_center (adding level 11023.0)
    Using categorical covariate: Sex (adding level 1)
    Using categorical covariate: Sex (adding level 2)
    Using categorical covariate: Ethnicity (adding level 1.0)
    Using categorical covariate: Ethnicity (adding level 1001.0)
    Using categorical covariate: Ethnicity (adding level 1002.0)
    Using categorical covariate: Ethnicity (adding level 1003.0)
    Using quantitative covariate: Age
    Using quantitative covariate: PC1
    Using quantitative covariate: PC2
    Using quantitative covariate: PC3
    Using quantitative covariate: PC4
    Using quantitative covariate: PC5
    Using quantitative covariate: PC6
    Using quantitative covariate: PC7
    Using quantitative covariate: PC8
    Using quantitative covariate: PC9
    Using quantitative covariate: PC10
    Using quantitative covariate: PC11
    Using quantitative covariate: PC12
    Using quantitative covariate: PC13
    Using quantitative covariate: PC14
    Using quantitative covariate: PC15
    Using quantitative covariate: PC16
    Using quantitative covariate: PC17
    Using quantitative covariate: PC18
    Using quantitative covariate: PC19
    Using quantitative covariate: PC20
    Using quantitative covariate: CONST_ALL_ONES
Number of individuals used in analysis: Nused = 4077
Singular values of covariate matrix:
    S[0] = 3670.23
    S[1] = 632.03
    S[2] = 484.679
    S[3] = 292.755
    S[4] = 266.72
    S[5] = 257.856
    S[6] = 250.654
    S[7] = 231.096
    S[8] = 209.565
    S[9] = 191.524
    S[10] = 187.925
    S[11] = 183.471
    S[12] = 176.045
    S[13] = 159.287
    S[14] = 141.777
    S[15] = 128.838
    S[16] = 125.022
    S[17] = 109.605
    S[18] = 103.355
    S[19] = 101.228
    S[20] = 97.6671
    S[21] = 44.8874
    S[22] = 20.4169
    S[23] = 19.4563
    S[24] = 18.5897
    S[25] = 18.2141
    S[26] = 17.6667
    S[27] = 17.1934
    S[28] = 16.3275
    S[29] = 15.3482
    S[30] = 13.9865
    S[31] = 13.2165
    S[32] = 12.9009
    S[33] = 12.7063
    S[34] = 11.8978
    S[35] = 10.0202
    S[36] = 9.81819
    S[37] = 9.36933
    S[38] = 9.31497
    S[39] = 8.98699
    S[40] = 8.79577
    S[41] = 4.4896
    S[42] = 4.16832
    S[43] = 3.19265
    S[44] = 2.49014
    S[45] = 1.94159
    S[46] = 1.01595
    S[47] = 1.59762e-14
    S[48] = 8.71052e-15
    S[49] = 6.2482e-15
Total covariate vectors: C = 50
Total independent covariate vectors: Cindep = 47

=== Initializing Bolt object: projecting and normalizing SNPs ===

Number of chroms with >= 1 good SNP: 2
Average norm of projected SNPs:           4025.700851
Dimension of all-1s proj space (Nused-1): 4076
Time for covariate data setup + Bolt initialization = 4.58456 sec

Phenotype 1:   N = 4077   mean = -0.0731858   std = 3.84277

=== Computing linear regression (LINREG) stats ===

Time for computing LINREG stats = 0.287878 sec

=== Estimating variance parameters ===

Using CGtol of 0.005 for this step
Using default number of random trials: 15 (for Nused = 4077)

Estimating MC scaling f_REML at log(delta) = 1.09754, h2 = 0.25...
  Batch-solving 16 systems of equations using conjugate gradient iteration
  iter 1:  time=0.60  rNorms/orig: (0.1,0.1)  res2s: 8493.52..32399.6
  iter 2:  time=0.59  rNorms/orig: (0.02,0.02)  res2s: 8854.15..33677.8
  iter 3:  time=0.79  rNorms/orig: (0.002,0.003)  res2s: 8864.7..33714.2
  Converged at iter 3: rNorms/orig all < CGtol=0.005
  Time breakdown: dgemm = 66.1%, memory/overhead = 33.9%
  MCscaling: logDelta = 1.10, h2 = 0.250, f = -0.0236225

Estimating MC scaling f_REML at log(delta) = 1.94484, h2 = 0.125...
  Batch-solving 16 systems of equations using conjugate gradient iteration
  iter 1:  time=0.59  rNorms/orig: (0.06,0.06)  res2s: 23694.2..44454.8
  iter 2:  time=0.59  rNorms/orig: (0.004,0.005)  res2s: 23950..44919.5
  Converged at iter 2: rNorms/orig all < CGtol=0.005
  Time breakdown: dgemm = 67.5%, memory/overhead = 32.5%
  MCscaling: logDelta = 1.94, h2 = 0.125, f = 0.00113281

Estimating MC scaling f_REML at log(delta) = 1.90607, h2 = 0.129303...
  Batch-solving 16 systems of equations using conjugate gradient iteration
  iter 1:  time=0.79  rNorms/orig: (0.06,0.06)  res2s: 22667..44006.5
  iter 2:  time=0.59  rNorms/orig: (0.004,0.005)  res2s: 22928.8..44497.6
  iter 3:  time=0.59  rNorms/orig: (0.0003,0.0004)  res2s: 22931..44501.7
  Converged at iter 3: rNorms/orig all < CGtol=0.005
  Time breakdown: dgemm = 65.5%, memory/overhead = 34.5%
  MCscaling: logDelta = 1.91, h2 = 0.129, f = 0.000252435

Estimating MC scaling f_REML at log(delta) = 1.89495, h2 = 0.13056...
  Batch-solving 16 systems of equations using conjugate gradient iteration
  iter 1:  time=0.74  rNorms/orig: (0.06,0.07)  res2s: 22380..43876
  iter 2:  time=0.58  rNorms/orig: (0.004,0.005)  res2s: 22643.4..44374.9
  iter 3:  time=0.60  rNorms/orig: (0.0003,0.0004)  res2s: 22645.7..44379.1
  Converged at iter 3: rNorms/orig all < CGtol=0.005
  Time breakdown: dgemm = 66.3%, memory/overhead = 33.7%
  MCscaling: logDelta = 1.89, h2 = 0.131, f = -7.12638e-06

Secant iteration for h2 estimation converged in 2 steps
Estimated (pseudo-)heritability: h2g = 0.131
To more precisely estimate variance parameters and estimate s.e., use --reml
Variance params: sigma^2_K = 1.897666, logDelta = 1.894953, f = -7.12638e-06

Time for fitting variance components = 8.97874 sec

=== Computing mixed model assoc stats (inf. model) ===

Selected 30 SNPs for computation of prospective stat
Tried 30; threw out 0 with GRAMMAR chisq > 5
Assigning SNPs to 2 chunks for leave-out analysis
Each chunk is excluded when testing SNPs belonging to the chunk
  Batch-solving 32 systems of equations using conjugate gradient iteration
  iter 1:  time=0.89  rNorms/orig: (0.07,0.1)  res2s: 43863.4..2769.31
  iter 2:  time=0.85  rNorms/orig: (0.006,0.03)  res2s: 45647.1..2911.91
  iter 3:  time=1.04  rNorms/orig: (0.0005,0.007)  res2s: 45732.6..2918.8
  iter 4:  time=0.87  rNorms/orig: (5e-05,0.001)  res2s: 45737.6..2919.26
  iter 5:  time=1.03  rNorms/orig: (5e-06,0.0003)  res2s: 45737.9..2919.29
  Converged at iter 5: rNorms/orig all < CGtol=0.0005
  Time breakdown: dgemm = 72.1%, memory/overhead = 27.9%

AvgPro: 0.749   AvgRetro: 0.745   Calibration: 1.006 (0.002)   (30 SNPs)
Ratio of medians: 1.010   Median of ratios: 1.008

Time for computing infinitesimal model assoc stats = 4.98654 sec

=== Estimating chip LD Scores using 400 indivs ===


Time for estimating chip LD Scores = 0.356605 sec

=== Reading LD Scores for calibration of Bayesian assoc stats ===

Looking up LD Scores...
  Looking for column header 'CHR': column number = 2
  Looking for column header 'BP': column number = 3
  Looking for column header 'LDSCORE': column number = 5
Found LD Scores for 50312/77671 SNPs

Estimating inflation of LINREG chisq stats using MLMe as reference...
Filtering to SNPs with chisq stats, LD Scores, and MAF > 0.01
# of SNPs passing filters before outlier removal: 48283/77671
Masking windows around outlier snps (chisq > 20.0)
# of SNPs remaining after outlier window removal: 48000/48283
Intercept of LD Score regression for ref stats:   1.002 (0.017)
Estimated attenuation: 0.055 (0.454)
Intercept of LD Score regression for cur stats: 0.994 (0.016)
Calibration factor (ref/cur) to multiply by:      1.008 (0.002)
LINREG intercept inflation = 0.992353
NOTE: LINREG stats in output are NOT corrected for estimated inflation

=== Estimating mixture parameters by cross-validation ===

Setting maximum number of iterations to 250 for this step
Max CV folds to compute = 5 (to have > 10000 samples)

====> Starting CV fold 1 <====

    Using categorical covariate: Assessment_center (adding level 10003.0)
    Using categorical covariate: Assessment_center (adding level 11001.0)
    Using categorical covariate: Assessment_center (adding level 11002.0)
    Using categorical covariate: Assessment_center (adding level 11003.0)
    Using categorical covariate: Assessment_center (adding level 11004.0)
    Using categorical covariate: Assessment_center (adding level 11005.0)
    Using categorical covariate: Assessment_center (adding level 11006.0)
    Using categorical covariate: Assessment_center (adding level 11007.0)
    Using categorical covariate: Assessment_center (adding level 11008.0)
    Using categorical covariate: Assessment_center (adding level 11009.0)
    Using categorical covariate: Assessment_center (adding level 11010.0)
    Using categorical covariate: Assessment_center (adding level 11011.0)
    Using categorical covariate: Assessment_center (adding level 11012.0)
    Using categorical covariate: Assessment_center (adding level 11013.0)
    Using categorical covariate: Assessment_center (adding level 11014.0)
    Using categorical covariate: Assessment_center (adding level 11016.0)
    Using categorical covariate: Assessment_center (adding level 11017.0)
    Using categorical covariate: Assessment_center (adding level 11018.0)
    Using categorical covariate: Assessment_center (adding level 11020.0)
    Using categorical covariate: Assessment_center (adding level 11021.0)
    Using categorical covariate: Assessment_center (adding level 11022.0)
    Using categorical covariate: Assessment_center (adding level 11023.0)
    Using categorical covariate: Sex (adding level 1)
    Using categorical covariate: Sex (adding level 2)
    Using categorical covariate: Ethnicity (adding level 1.0)
    Using categorical covariate: Ethnicity (adding level 1001.0)
    Using categorical covariate: Ethnicity (adding level 1002.0)
    Using categorical covariate: Ethnicity (adding level 1003.0)
    Using quantitative covariate: Age
    Using quantitative covariate: PC1
    Using quantitative covariate: PC2
    Using quantitative covariate: PC3
    Using quantitative covariate: PC4
    Using quantitative covariate: PC5
    Using quantitative covariate: PC6
    Using quantitative covariate: PC7
    Using quantitative covariate: PC8
    Using quantitative covariate: PC9
    Using quantitative covariate: PC10
    Using quantitative covariate: PC11
    Using quantitative covariate: PC12
    Using quantitative covariate: PC13
    Using quantitative covariate: PC14
    Using quantitative covariate: PC15
    Using quantitative covariate: PC16
    Using quantitative covariate: PC17
    Using quantitative covariate: PC18
    Using quantitative covariate: PC19
    Using quantitative covariate: PC20
    Using quantitative covariate: CONST_ALL_ONES
Number of individuals used in analysis: Nused = 3261
Singular values of covariate matrix:
    S[0] = 3286.55
    S[1] = 570.123
    S[2] = 434.311
    S[3] = 262.463
    S[4] = 240.664
    S[5] = 236.181
    S[6] = 226.628
    S[7] = 211.695
    S[8] = 187.062
    S[9] = 171.788
    S[10] = 169.543
    S[11] = 162.402
    S[12] = 159.806
    S[13] = 147.595
    S[14] = 132.658
    S[15] = 116.252
    S[16] = 111.773
    S[17] = 98.3935
    S[18] = 93.136
    S[19] = 90.6601
    S[20] = 87.8113
    S[21] = 40.0771
    S[22] = 18.1912
    S[23] = 17.3836
    S[24] = 16.7945
    S[25] = 16.2472
    S[26] = 15.73
    S[27] = 15.2409
    S[28] = 14.5926
    S[29] = 13.5996
    S[30] = 12.487
    S[31] = 12.0125
    S[32] = 11.4785
    S[33] = 11.2378
    S[34] = 10.6447
    S[35] = 9.24102
    S[36] = 8.96135
    S[37] = 8.63317
    S[38] = 8.35692
    S[39] = 8.09107
    S[40] = 7.81898
    S[41] = 4.20837
    S[42] = 3.5276
    S[43] = 2.86041
    S[44] = 2.48147
    S[45] = 1.93781
    S[46] = 2.39625e-14
    S[47] = 9.43881e-15
    S[48] = 6.9351e-15
    S[49] = 1.28785e-15
Total covariate vectors: C = 50
Total independent covariate vectors: Cindep = 46

=== Initializing Bolt object: projecting and normalizing SNPs ===

Number of chroms with >= 1 good SNP: 2
Average norm of projected SNPs:           3211.256536
Dimension of all-1s proj space (Nused-1): 3260
  Beginning variational Bayes
  iter 1:  time=1.53 for 18 active reps
  iter 2:  time=0.77 for 18 active reps  approxLL diffs: (2.20,4.04)
  iter 3:  time=0.76 for 18 active reps  approxLL diffs: (0.01,0.05)
  iter 4:  time=0.97 for 18 active reps  approxLL diffs: (0.00,0.00)
  Converged at iter 4: approxLL diffs each have been < LLtol=0.01
  Time breakdown: dgemm = 65.9%, memory/overhead = 34.1%
Computing predictions on left-out cross-validation fold
Time for computing predictions = 2.77497 sec

Average PVEs obtained by param pairs tested (high to low):
 f2=0.1, p=0.01: 0.002047
 f2=0.3, p=0.01: 0.002033
 f2=0.1, p=0.02: 0.002011
            ...
  f2=0.5, p=0.5: 0.001937

Detailed CV fold results:
  Absolute prediction MSE baseline (covariates only): 14.8223
  Absolute prediction MSE using standard LMM:         14.7936
  Absolute prediction MSE, fold-best f2=0.1, p=0.01:  14.7919
    Absolute pred MSE using   f2=0.5, p=0.5: 14.793570
    Absolute pred MSE using   f2=0.5, p=0.2: 14.793537
    Absolute pred MSE using   f2=0.5, p=0.1: 14.793470
    Absolute pred MSE using  f2=0.5, p=0.05: 14.793349
    Absolute pred MSE using  f2=0.5, p=0.02: 14.793064
    Absolute pred MSE using  f2=0.5, p=0.01: 14.792672
    Absolute pred MSE using   f2=0.3, p=0.5: 14.793560
    Absolute pred MSE using   f2=0.3, p=0.2: 14.793481
    Absolute pred MSE using   f2=0.3, p=0.1: 14.793355
    Absolute pred MSE using  f2=0.3, p=0.05: 14.793148
    Absolute pred MSE using  f2=0.3, p=0.02: 14.792728
    Absolute pred MSE using  f2=0.3, p=0.01: 14.792147
    Absolute pred MSE using   f2=0.1, p=0.5: 14.793532
    Absolute pred MSE using   f2=0.1, p=0.2: 14.793399
    Absolute pred MSE using   f2=0.1, p=0.1: 14.793209
    Absolute pred MSE using  f2=0.1, p=0.05: 14.792926
    Absolute pred MSE using  f2=0.1, p=0.02: 14.792471
    Absolute pred MSE using  f2=0.1, p=0.01: 14.791942

====> End CV fold 1: 18 remaining param pair(s) <====

Estimated proportion of variance explained using inf model: 0.002
Relative improvement in prediction MSE using non-inf model: 0.000

Exiting CV: non-inf model does not substantially improve prediction
Optimal mixture parameters according to CV: f2 = 0.1, p = 0.01
Bayesian non-infinitesimal model does not fit substantially better
=> Not computing non-inf assoc stats (to override, use --lmmForceNonInf)

Time for estimating mixture parameters = 37.4125 sec

Calibration stats: mean and lambdaGC (over SNPs used in GRM)
  (note that both should be >1 because of polygenicity)
Mean LINREG: 1.03223 (73581 good SNPs)   lambdaGC: 1.01805
Mean BOLT_LMM_INF: 1.04064 (73581 good SNPs)   lambdaGC: 1.02873

=== Streaming genotypes to compute and write assoc stats at all SNPs ===

Time for streaming genotypes and writing output = 50.8604 sec


=== Streaming genotypes to compute and write assoc stats at BGEN SNPs ===

BGEN file: /n/groups/patel/uk_biobank/project_52887_genetics/ukb_imp_chr1_v3.bgen

Read 487409 indivs; using 4077 in filtered PLINK data
snpBlocks (Mbgen): 7402791
samples (Nbgen): 487409
CompressedSNPBlocks: 1
Layout: 2
At SNP 100000; time for block: 51.7078
